21:27:21.965 [main] ERROR com.tourism_org.com.tourismapp.config.DbConnection - 1561745898 DB ERROR :  Connection failed - Access denied for user 'root'@'localhost' (using password: YES)
21:27:21.965 [main] ERROR com.tourism_org.com.tourismapp.config.DbConnection - 1561745898 DB ERROR :  Connection failed - Access denied for user 'root'@'localhost' (using password: YES)
21:27:50.024 [main] INFO  com.tourism_org.com.tourismapp.config.DbConnection - DB SUCCESS :  Connection Successful
21:27:50.024 [main] INFO  com.tourism_org.com.tourismapp.config.DbConnection - DB SUCCESS :  Connection Successful
21:29:25.897 [main] INFO  com.tourism_org.com.tourismapp.config.DbConnection - DB SUCCESS :  Connection Successful
21:29:25.897 [main] INFO  com.tourism_org.com.tourismapp.config.DbConnection - DB SUCCESS :  Connection Successful
21:30:54.463 [main] ERROR com.tourism_org.com.tourismapp.config.DbConnection - 1561745898 DB ERROR :  Connection failed - Access denied for user 'root'@'localhost' (using password: YES)
21:30:54.463 [main] ERROR com.tourism_org.com.tourismapp.config.DbConnection - 1561745898 DB ERROR :  Connection failed - Access denied for user 'root'@'localhost' (using password: YES)
21:31:11.432 [main] INFO  com.tourism_org.com.tourismapp.config.DbConnection - DB SUCCESS :  Connection Successful
21:31:11.432 [main] INFO  com.tourism_org.com.tourismapp.config.DbConnection - DB SUCCESS :  Connection Successful
14:00:14.142 [main] INFO  com.tourism_org.com.tourismapp.config.DbConnection - DB SUCCESS :  Connection Successful
14:00:14.142 [main] INFO  com.tourism_org.com.tourismapp.config.DbConnection - DB SUCCESS :  Connection Successful
14:00:14.349 [main] INFO  com.tourism_org.com.tourismapp.config.DbConnection - DB SUCCESS :  Connection Successful
14:00:14.349 [main] INFO  com.tourism_org.com.tourismapp.config.DbConnection - DB SUCCESS :  Connection Successful
14:00:14.366 [main] INFO  com.tourism_org.com.tourismapp.config.DbConnection - DB SUCCESS :  Connection Successful
14:00:14.366 [main] INFO  com.tourism_org.com.tourismapp.config.DbConnection - DB SUCCESS :  Connection Successful
14:00:14.386 [main] INFO  com.tourism_org.com.tourismapp.config.DbConnection - DB SUCCESS :  Connection Successful
14:00:14.386 [main] INFO  com.tourism_org.com.tourismapp.config.DbConnection - DB SUCCESS :  Connection Successful
14:00:38.054 [main] INFO  com.tourism_org.com.tourismapp.config.DbConnection - DB SUCCESS :  Connection Successful
14:00:38.054 [main] INFO  com.tourism_org.com.tourismapp.config.DbConnection - DB SUCCESS :  Connection Successful
14:00:38.152 [main] INFO  com.tourism_org.com.tourismapp.config.DbConnection - DB SUCCESS :  Connection Successful
14:00:38.152 [main] INFO  com.tourism_org.com.tourismapp.config.DbConnection - DB SUCCESS :  Connection Successful
14:00:38.172 [main] INFO  com.tourism_org.com.tourismapp.config.DbConnection - DB SUCCESS :  Connection Successful
14:00:38.172 [main] INFO  com.tourism_org.com.tourismapp.config.DbConnection - DB SUCCESS :  Connection Successful
14:00:38.189 [main] INFO  com.tourism_org.com.tourismapp.config.DbConnection - DB SUCCESS :  Connection Successful
14:00:38.189 [main] INFO  com.tourism_org.com.tourismapp.config.DbConnection - DB SUCCESS :  Connection Successful
14:01:06.129 [main] INFO  com.tourism_org.com.tourismapp.config.DbConnection - DB SUCCESS :  Connection Successful
14:01:06.129 [main] INFO  com.tourism_org.com.tourismapp.config.DbConnection - DB SUCCESS :  Connection Successful
14:01:06.258 [main] INFO  com.tourism_org.com.tourismapp.config.DbConnection - DB SUCCESS :  Connection Successful
14:01:06.258 [main] INFO  com.tourism_org.com.tourismapp.config.DbConnection - DB SUCCESS :  Connection Successful
14:01:06.275 [main] INFO  com.tourism_org.com.tourismapp.config.DbConnection - DB SUCCESS :  Connection Successful
14:01:06.275 [main] INFO  com.tourism_org.com.tourismapp.config.DbConnection - DB SUCCESS :  Connection Successful
14:01:06.294 [main] INFO  com.tourism_org.com.tourismapp.config.DbConnection - DB SUCCESS :  Connection Successful
14:01:06.294 [main] INFO  com.tourism_org.com.tourismapp.config.DbConnection - DB SUCCESS :  Connection Successful
14:02:18.653 [main] INFO  com.tourism_org.com.tourismapp.config.DbConnection - DB SUCCESS :  Connection Successful
14:02:18.653 [main] INFO  com.tourism_org.com.tourismapp.config.DbConnection - DB SUCCESS :  Connection Successful
14:02:18.734 [main] INFO  com.tourism_org.com.tourismapp.config.DbConnection - DB SUCCESS :  Connection Successful
14:02:18.734 [main] INFO  com.tourism_org.com.tourismapp.config.DbConnection - DB SUCCESS :  Connection Successful
14:02:18.744 [main] INFO  com.tourism_org.com.tourismapp.config.DbConnection - DB SUCCESS :  Connection Successful
14:02:18.744 [main] INFO  com.tourism_org.com.tourismapp.config.DbConnection - DB SUCCESS :  Connection Successful
14:02:18.754 [main] INFO  com.tourism_org.com.tourismapp.config.DbConnection - DB SUCCESS :  Connection Successful
14:02:18.754 [main] INFO  com.tourism_org.com.tourismapp.config.DbConnection - DB SUCCESS :  Connection Successful
14:02:48.911 [main] INFO  com.tourism_org.com.tourismapp.config.DbConnection - DB SUCCESS :  Connection Successful
14:02:48.911 [main] INFO  com.tourism_org.com.tourismapp.config.DbConnection - DB SUCCESS :  Connection Successful
14:02:48.986 [main] INFO  com.tourism_org.com.tourismapp.config.DbConnection - DB SUCCESS :  Connection Successful
14:02:48.986 [main] INFO  com.tourism_org.com.tourismapp.config.DbConnection - DB SUCCESS :  Connection Successful
14:02:48.997 [main] INFO  com.tourism_org.com.tourismapp.config.DbConnection - DB SUCCESS :  Connection Successful
14:02:48.997 [main] INFO  com.tourism_org.com.tourismapp.config.DbConnection - DB SUCCESS :  Connection Successful
14:02:49.011 [main] INFO  com.tourism_org.com.tourismapp.config.DbConnection - DB SUCCESS :  Connection Successful
14:02:49.011 [main] INFO  com.tourism_org.com.tourismapp.config.DbConnection - DB SUCCESS :  Connection Successful
14:03:06.126 [main] INFO  com.tourism_org.com.tourismapp.config.DbConnection - DB SUCCESS :  Connection Successful
14:03:06.126 [main] INFO  com.tourism_org.com.tourismapp.config.DbConnection - DB SUCCESS :  Connection Successful
14:03:06.200 [main] INFO  com.tourism_org.com.tourismapp.config.DbConnection - DB SUCCESS :  Connection Successful
14:03:06.200 [main] INFO  com.tourism_org.com.tourismapp.config.DbConnection - DB SUCCESS :  Connection Successful
14:03:06.209 [main] INFO  com.tourism_org.com.tourismapp.config.DbConnection - DB SUCCESS :  Connection Successful
14:03:06.209 [main] INFO  com.tourism_org.com.tourismapp.config.DbConnection - DB SUCCESS :  Connection Successful
14:03:06.220 [main] INFO  com.tourism_org.com.tourismapp.config.DbConnection - DB SUCCESS :  Connection Successful
14:03:06.220 [main] INFO  com.tourism_org.com.tourismapp.config.DbConnection - DB SUCCESS :  Connection Successful
17:58:09.575 [main] INFO  com.tourism_org.com.tourismapp.config.DbConnection - DB SUCCESS :  Connection Successful
17:58:09.575 [main] INFO  com.tourism_org.com.tourismapp.config.DbConnection - DB SUCCESS :  Connection Successful
17:58:09.650 [main] INFO  com.tourism_org.com.tourismapp.config.DbConnection - DB SUCCESS :  Connection Successful
17:58:09.650 [main] INFO  com.tourism_org.com.tourismapp.config.DbConnection - DB SUCCESS :  Connection Successful
17:58:09.661 [main] INFO  com.tourism_org.com.tourismapp.config.DbConnection - DB SUCCESS :  Connection Successful
17:58:09.661 [main] INFO  com.tourism_org.com.tourismapp.config.DbConnection - DB SUCCESS :  Connection Successful
17:58:09.669 [main] INFO  com.tourism_org.com.tourismapp.config.DbConnection - DB SUCCESS :  Connection Successful
17:58:09.669 [main] INFO  com.tourism_org.com.tourismapp.config.DbConnection - DB SUCCESS :  Connection Successful
18:05:35.600 [main] INFO  com.tourism_org.com.tourismapp.config.DbConnection - DB SUCCESS :  Connection Successful
18:05:35.600 [main] INFO  com.tourism_org.com.tourismapp.config.DbConnection - DB SUCCESS :  Connection Successful
18:05:35.670 [main] INFO  com.tourism_org.com.tourismapp.config.DbConnection - DB SUCCESS :  Connection Successful
18:05:35.670 [main] INFO  com.tourism_org.com.tourismapp.config.DbConnection - DB SUCCESS :  Connection Successful
18:05:35.680 [main] INFO  com.tourism_org.com.tourismapp.config.DbConnection - DB SUCCESS :  Connection Successful
18:05:35.680 [main] INFO  com.tourism_org.com.tourismapp.config.DbConnection - DB SUCCESS :  Connection Successful
18:05:35.703 [main] INFO  com.tourism_org.com.tourismapp.config.DbConnection - DB SUCCESS :  Connection Successful
18:05:35.703 [main] INFO  com.tourism_org.com.tourismapp.config.DbConnection - DB SUCCESS :  Connection Successful
18:06:26.498 [main] INFO  com.tourism_org.com.tourismapp.config.DbConnection - DB SUCCESS :  Connection Successful
18:06:26.498 [main] INFO  com.tourism_org.com.tourismapp.config.DbConnection - DB SUCCESS :  Connection Successful
18:06:26.553 [main] INFO  com.tourism_org.com.tourismapp.config.DbConnection - DB SUCCESS :  Connection Successful
18:06:26.553 [main] INFO  com.tourism_org.com.tourismapp.config.DbConnection - DB SUCCESS :  Connection Successful
18:06:26.585 [main] INFO  com.tourism_org.com.tourismapp.config.DbConnection - DB SUCCESS :  Connection Successful
18:06:26.585 [main] INFO  com.tourism_org.com.tourismapp.config.DbConnection - DB SUCCESS :  Connection Successful
18:06:26.597 [main] INFO  com.tourism_org.com.tourismapp.config.DbConnection - DB SUCCESS :  Connection Successful
18:06:26.597 [main] INFO  com.tourism_org.com.tourismapp.config.DbConnection - DB SUCCESS :  Connection Successful
18:06:26.605 [main] INFO  com.tourism_org.com.tourismapp.config.DbConnection - DB SUCCESS :  Connection Successful
18:06:26.605 [main] INFO  com.tourism_org.com.tourismapp.config.DbConnection - DB SUCCESS :  Connection Successful
20:37:20.328 [main] INFO  com.tourism_org.com.tourismapp.config.DbConnection - DB SUCCESS :  Connection Successful
20:37:20.328 [main] INFO  com.tourism_org.com.tourismapp.config.DbConnection - DB SUCCESS :  Connection Successful
20:37:20.423 [main] INFO  com.tourism_org.com.tourismapp.config.DbConnection - DB SUCCESS :  Connection Successful
20:37:20.423 [main] INFO  com.tourism_org.com.tourismapp.config.DbConnection - DB SUCCESS :  Connection Successful
20:37:46.782 [main] INFO  com.tourism_org.com.tourismapp.config.DbConnection - DB SUCCESS :  Connection Successful
20:37:46.782 [main] INFO  com.tourism_org.com.tourismapp.config.DbConnection - DB SUCCESS :  Connection Successful
20:37:46.923 [main] INFO  com.tourism_org.com.tourismapp.config.DbConnection - DB SUCCESS :  Connection Successful
20:37:46.923 [main] INFO  com.tourism_org.com.tourismapp.config.DbConnection - DB SUCCESS :  Connection Successful
20:39:00.556 [main] INFO  com.tourism_org.com.tourismapp.config.DbConnection - DB SUCCESS :  Connection Successful
20:39:00.556 [main] INFO  com.tourism_org.com.tourismapp.config.DbConnection - DB SUCCESS :  Connection Successful
20:39:00.627 [main] ERROR com.tourism_org.com.tourismapp.dao.PackageDao - SQL ERROR :  COULD NOT INSERT DATA - Duplicate entry '0' for key 'PRIMARY'
20:39:00.627 [main] ERROR com.tourism_org.com.tourismapp.dao.PackageDao - SQL ERROR :  COULD NOT INSERT DATA - Duplicate entry '0' for key 'PRIMARY'
20:39:00.677 [main] INFO  com.tourism_org.com.tourismapp.config.DbConnection - DB SUCCESS :  Connection Successful
20:39:00.677 [main] INFO  com.tourism_org.com.tourismapp.config.DbConnection - DB SUCCESS :  Connection Successful
21:21:45.416 [main] INFO  com.tourism_org.com.tourismapp.config.DbConnection - DB SUCCESS :  Connection Successful
21:21:45.416 [main] INFO  com.tourism_org.com.tourismapp.config.DbConnection - DB SUCCESS :  Connection Successful
21:21:45.488 [main] ERROR com.tourism_org.com.tourismapp.dao.PackageDao - SQL ERROR :  COULD NOT INSERT DATA - Duplicate entry '0' for key 'PRIMARY'
21:21:45.488 [main] ERROR com.tourism_org.com.tourismapp.dao.PackageDao - SQL ERROR :  COULD NOT INSERT DATA - Duplicate entry '0' for key 'PRIMARY'
21:21:45.537 [main] INFO  com.tourism_org.com.tourismapp.config.DbConnection - DB SUCCESS :  Connection Successful
21:21:45.537 [main] INFO  com.tourism_org.com.tourismapp.config.DbConnection - DB SUCCESS :  Connection Successful
21:33:14.544 [main] INFO  com.tourism_org.com.tourismapp.config.DbConnection - DB SUCCESS :  Connection Successful
21:33:14.544 [main] INFO  com.tourism_org.com.tourismapp.config.DbConnection - DB SUCCESS :  Connection Successful
21:33:14.695 [main] INFO  com.tourism_org.com.tourismapp.config.DbConnection - DB SUCCESS :  Connection Successful
21:33:14.695 [main] INFO  com.tourism_org.com.tourismapp.config.DbConnection - DB SUCCESS :  Connection Successful
21:33:14.824 [main] INFO  com.tourism_org.com.tourismapp.config.DbConnection - DB SUCCESS :  Connection Successful
21:33:14.824 [main] INFO  com.tourism_org.com.tourismapp.config.DbConnection - DB SUCCESS :  Connection Successful
21:33:14.849 [main] INFO  com.tourism_org.com.tourismapp.config.DbConnection - DB SUCCESS :  Connection Successful
21:33:14.849 [main] INFO  com.tourism_org.com.tourismapp.config.DbConnection - DB SUCCESS :  Connection Successful
21:33:14.867 [main] INFO  com.tourism_org.com.tourismapp.config.DbConnection - DB SUCCESS :  Connection Successful
21:33:14.867 [main] INFO  com.tourism_org.com.tourismapp.config.DbConnection - DB SUCCESS :  Connection Successful
21:33:14.898 [main] INFO  com.tourism_org.com.tourismapp.config.DbConnection - DB SUCCESS :  Connection Successful
21:33:14.898 [main] INFO  com.tourism_org.com.tourismapp.config.DbConnection - DB SUCCESS :  Connection Successful
21:34:13.474 [main] INFO  com.tourism_org.com.tourismapp.config.DbConnection - DB SUCCESS :  Connection Successful
21:34:13.474 [main] INFO  com.tourism_org.com.tourismapp.config.DbConnection - DB SUCCESS :  Connection Successful
21:34:13.538 [main] ERROR com.tourism_org.com.tourismapp.dao.AdminDao - SQL ERROR :  Could not insert data - Duplicate entry '102' for key 'PRIMARY'
21:34:13.538 [main] ERROR com.tourism_org.com.tourismapp.dao.AdminDao - SQL ERROR :  Could not insert data - Duplicate entry '102' for key 'PRIMARY'
21:34:13.580 [main] INFO  com.tourism_org.com.tourismapp.config.DbConnection - DB SUCCESS :  Connection Successful
21:34:13.580 [main] INFO  com.tourism_org.com.tourismapp.config.DbConnection - DB SUCCESS :  Connection Successful
21:34:13.646 [main] INFO  com.tourism_org.com.tourismapp.config.DbConnection - DB SUCCESS :  Connection Successful
21:34:13.646 [main] INFO  com.tourism_org.com.tourismapp.config.DbConnection - DB SUCCESS :  Connection Successful
21:34:13.692 [main] INFO  com.tourism_org.com.tourismapp.config.DbConnection - DB SUCCESS :  Connection Successful
21:34:13.692 [main] INFO  com.tourism_org.com.tourismapp.config.DbConnection - DB SUCCESS :  Connection Successful
21:34:13.732 [main] INFO  com.tourism_org.com.tourismapp.config.DbConnection - DB SUCCESS :  Connection Successful
21:34:13.732 [main] INFO  com.tourism_org.com.tourismapp.config.DbConnection - DB SUCCESS :  Connection Successful
21:34:13.765 [main] INFO  com.tourism_org.com.tourismapp.config.DbConnection - DB SUCCESS :  Connection Successful
21:34:13.765 [main] INFO  com.tourism_org.com.tourismapp.config.DbConnection - DB SUCCESS :  Connection Successful
23:29:25.774 [main] INFO  com.tourism_org.com.tourismapp.config.DbConnection - DB SUCCESS :  Connection Successful
23:29:25.774 [main] INFO  com.tourism_org.com.tourismapp.config.DbConnection - DB SUCCESS :  Connection Successful
23:29:25.849 [main] ERROR com.tourism_org.com.tourismapp.dao.AdminDao - SQL ERROR :  Could not insert data - Duplicate entry '102' for key 'PRIMARY'
23:29:25.849 [main] ERROR com.tourism_org.com.tourismapp.dao.AdminDao - SQL ERROR :  Could not insert data - Duplicate entry '102' for key 'PRIMARY'
23:29:25.900 [main] INFO  com.tourism_org.com.tourismapp.config.DbConnection - DB SUCCESS :  Connection Successful
23:29:25.900 [main] INFO  com.tourism_org.com.tourismapp.config.DbConnection - DB SUCCESS :  Connection Successful
23:29:25.984 [main] INFO  com.tourism_org.com.tourismapp.config.DbConnection - DB SUCCESS :  Connection Successful
23:29:25.984 [main] INFO  com.tourism_org.com.tourismapp.config.DbConnection - DB SUCCESS :  Connection Successful
23:29:26.056 [main] INFO  com.tourism_org.com.tourismapp.config.DbConnection - DB SUCCESS :  Connection Successful
23:29:26.056 [main] INFO  com.tourism_org.com.tourismapp.config.DbConnection - DB SUCCESS :  Connection Successful
23:29:26.087 [main] INFO  com.tourism_org.com.tourismapp.config.DbConnection - DB SUCCESS :  Connection Successful
23:29:26.087 [main] INFO  com.tourism_org.com.tourismapp.config.DbConnection - DB SUCCESS :  Connection Successful
23:29:26.115 [main] INFO  com.tourism_org.com.tourismapp.config.DbConnection - DB SUCCESS :  Connection Successful
23:29:26.115 [main] INFO  com.tourism_org.com.tourismapp.config.DbConnection - DB SUCCESS :  Connection Successful
23:31:56.554 [main] INFO  com.tourism_org.com.tourismapp.dao.UserDao - SQL ERROR :  Could not insert data - Duplicate entry 'sophie98@gmail.com-311456717' for key 'Email'
23:31:56.554 [main] INFO  com.tourism_org.com.tourismapp.dao.UserDao - SQL ERROR :  Could not insert data - Duplicate entry 'sophie98@gmail.com-311456717' for key 'Email'
22:12:57.776 [main] INFO  com.tourism_org.com.tourismapp.dao.UserDao - SQL ERROR :  Could not insert data - Duplicate entry 'sophie98@gmail.com-311456717' for key 'Email'
22:12:57.776 [main] INFO  com.tourism_org.com.tourismapp.dao.UserDao - SQL ERROR :  Could not insert data - Duplicate entry 'sophie98@gmail.com-311456717' for key 'Email'
22:13:50.846 [main] INFO  com.tourism_org.com.tourismapp.dao.UserDao - SQL ERROR :  Could not insert data - Duplicate entry 'sophie98@gmail.com-311456717' for key 'Email'
22:13:50.846 [main] INFO  com.tourism_org.com.tourismapp.dao.UserDao - SQL ERROR :  Could not insert data - Duplicate entry 'sophie98@gmail.com-311456717' for key 'Email'
23:09:40.353 [main] INFO  com.tourism_org.com.tourismapp.config.DbConnection - DB SUCCESS :  Connection Successful
23:09:40.353 [main] INFO  com.tourism_org.com.tourismapp.config.DbConnection - DB SUCCESS :  Connection Successful
23:09:40.393 [main] INFO  com.tourism_org.com.tourismapp.config.DbConnection - DB SUCCESS :  Connection Successful
23:09:40.393 [main] INFO  com.tourism_org.com.tourismapp.config.DbConnection - DB SUCCESS :  Connection Successful
23:09:40.417 [main] INFO  com.tourism_org.com.tourismapp.config.DbConnection - DB SUCCESS :  Connection Successful
23:09:40.417 [main] INFO  com.tourism_org.com.tourismapp.config.DbConnection - DB SUCCESS :  Connection Successful
23:09:40.429 [main] INFO  com.tourism_org.com.tourismapp.config.DbConnection - DB SUCCESS :  Connection Successful
23:09:40.429 [main] INFO  com.tourism_org.com.tourismapp.config.DbConnection - DB SUCCESS :  Connection Successful
23:09:40.440 [main] INFO  com.tourism_org.com.tourismapp.config.DbConnection - DB SUCCESS :  Connection Successful
23:09:40.440 [main] INFO  com.tourism_org.com.tourismapp.config.DbConnection - DB SUCCESS :  Connection Successful
23:11:20.209 [main] INFO  com.tourism_org.com.tourismapp.config.DbConnection - DB SUCCESS :  Connection Successful
23:11:20.209 [main] INFO  com.tourism_org.com.tourismapp.config.DbConnection - DB SUCCESS :  Connection Successful
23:11:20.249 [main] ERROR com.tourism_org.com.tourismapp.dao.AdminDao - SQL ERROR :  Could not insert data - Duplicate entry '102' for key 'PRIMARY'
23:11:20.249 [main] ERROR com.tourism_org.com.tourismapp.dao.AdminDao - SQL ERROR :  Could not insert data - Duplicate entry '102' for key 'PRIMARY'
23:11:20.268 [main] INFO  com.tourism_org.com.tourismapp.config.DbConnection - DB SUCCESS :  Connection Successful
23:11:20.268 [main] INFO  com.tourism_org.com.tourismapp.config.DbConnection - DB SUCCESS :  Connection Successful
23:11:20.289 [main] INFO  com.tourism_org.com.tourismapp.config.DbConnection - DB SUCCESS :  Connection Successful
23:11:20.289 [main] INFO  com.tourism_org.com.tourismapp.config.DbConnection - DB SUCCESS :  Connection Successful
23:11:20.298 [main] INFO  com.tourism_org.com.tourismapp.config.DbConnection - DB SUCCESS :  Connection Successful
23:11:20.298 [main] INFO  com.tourism_org.com.tourismapp.config.DbConnection - DB SUCCESS :  Connection Successful
23:11:20.308 [main] INFO  com.tourism_org.com.tourismapp.config.DbConnection - DB SUCCESS :  Connection Successful
23:11:20.308 [main] INFO  com.tourism_org.com.tourismapp.config.DbConnection - DB SUCCESS :  Connection Successful
23:11:36.809 [main] INFO  com.tourism_org.com.tourismapp.config.DbConnection - DB SUCCESS :  Connection Successful
23:11:36.809 [main] INFO  com.tourism_org.com.tourismapp.config.DbConnection - DB SUCCESS :  Connection Successful
23:11:36.848 [main] ERROR com.tourism_org.com.tourismapp.dao.AdminDao - SQL ERROR :  Could not insert data - Duplicate entry '102' for key 'PRIMARY'
23:11:36.848 [main] ERROR com.tourism_org.com.tourismapp.dao.AdminDao - SQL ERROR :  Could not insert data - Duplicate entry '102' for key 'PRIMARY'
23:11:36.879 [main] INFO  com.tourism_org.com.tourismapp.config.DbConnection - DB SUCCESS :  Connection Successful
23:11:36.879 [main] INFO  com.tourism_org.com.tourismapp.config.DbConnection - DB SUCCESS :  Connection Successful
23:11:36.898 [main] INFO  com.tourism_org.com.tourismapp.config.DbConnection - DB SUCCESS :  Connection Successful
23:11:36.898 [main] INFO  com.tourism_org.com.tourismapp.config.DbConnection - DB SUCCESS :  Connection Successful
23:11:36.907 [main] INFO  com.tourism_org.com.tourismapp.config.DbConnection - DB SUCCESS :  Connection Successful
23:11:36.907 [main] INFO  com.tourism_org.com.tourismapp.config.DbConnection - DB SUCCESS :  Connection Successful
23:11:36.915 [main] INFO  com.tourism_org.com.tourismapp.config.DbConnection - DB SUCCESS :  Connection Successful
23:11:36.915 [main] INFO  com.tourism_org.com.tourismapp.config.DbConnection - DB SUCCESS :  Connection Successful
23:12:16.502 [main] INFO  com.tourism_org.com.tourismapp.config.DbConnection - DB SUCCESS :  Connection Successful
23:12:16.502 [main] INFO  com.tourism_org.com.tourismapp.config.DbConnection - DB SUCCESS :  Connection Successful
23:12:16.544 [main] ERROR com.tourism_org.com.tourismapp.dao.AdminDao - SQL ERROR :  Could not insert data - Duplicate entry '102' for key 'PRIMARY'
23:12:16.544 [main] ERROR com.tourism_org.com.tourismapp.dao.AdminDao - SQL ERROR :  Could not insert data - Duplicate entry '102' for key 'PRIMARY'
23:12:16.568 [main] INFO  com.tourism_org.com.tourismapp.config.DbConnection - DB SUCCESS :  Connection Successful
23:12:16.568 [main] INFO  com.tourism_org.com.tourismapp.config.DbConnection - DB SUCCESS :  Connection Successful
23:12:16.587 [main] INFO  com.tourism_org.com.tourismapp.config.DbConnection - DB SUCCESS :  Connection Successful
23:12:16.587 [main] INFO  com.tourism_org.com.tourismapp.config.DbConnection - DB SUCCESS :  Connection Successful
23:12:16.597 [main] INFO  com.tourism_org.com.tourismapp.config.DbConnection - DB SUCCESS :  Connection Successful
23:12:16.597 [main] INFO  com.tourism_org.com.tourismapp.config.DbConnection - DB SUCCESS :  Connection Successful
23:12:16.605 [main] INFO  com.tourism_org.com.tourismapp.config.DbConnection - DB SUCCESS :  Connection Successful
23:12:16.605 [main] INFO  com.tourism_org.com.tourismapp.config.DbConnection - DB SUCCESS :  Connection Successful
23:12:16.612 [main] INFO  com.tourism_org.com.tourismapp.config.DbConnection - DB SUCCESS :  Connection Successful
23:12:16.612 [main] INFO  com.tourism_org.com.tourismapp.config.DbConnection - DB SUCCESS :  Connection Successful
23:13:04.839 [main] INFO  com.tourism_org.com.tourismapp.config.DbConnection - DB SUCCESS :  Connection Successful
23:13:04.839 [main] INFO  com.tourism_org.com.tourismapp.config.DbConnection - DB SUCCESS :  Connection Successful
23:13:04.893 [main] INFO  com.tourism_org.com.tourismapp.config.DbConnection - DB SUCCESS :  Connection Successful
23:13:04.893 [main] INFO  com.tourism_org.com.tourismapp.config.DbConnection - DB SUCCESS :  Connection Successful
23:13:04.910 [main] INFO  com.tourism_org.com.tourismapp.config.DbConnection - DB SUCCESS :  Connection Successful
23:13:04.910 [main] INFO  com.tourism_org.com.tourismapp.config.DbConnection - DB SUCCESS :  Connection Successful
23:13:04.922 [main] INFO  com.tourism_org.com.tourismapp.config.DbConnection - DB SUCCESS :  Connection Successful
23:13:04.922 [main] INFO  com.tourism_org.com.tourismapp.config.DbConnection - DB SUCCESS :  Connection Successful
23:13:04.929 [main] INFO  com.tourism_org.com.tourismapp.config.DbConnection - DB SUCCESS :  Connection Successful
23:13:04.929 [main] INFO  com.tourism_org.com.tourismapp.config.DbConnection - DB SUCCESS :  Connection Successful
23:13:04.935 [main] INFO  com.tourism_org.com.tourismapp.config.DbConnection - DB SUCCESS :  Connection Successful
23:13:04.935 [main] INFO  com.tourism_org.com.tourismapp.config.DbConnection - DB SUCCESS :  Connection Successful
23:22:03.096 [main] INFO  com.tourism_org.com.tourismapp.config.DbConnection - DB SUCCESS :  Connection Successful
23:22:03.096 [main] INFO  com.tourism_org.com.tourismapp.config.DbConnection - DB SUCCESS :  Connection Successful
23:23:45.132 [main] INFO  com.tourism_org.com.tourismapp.config.DbConnection - DB SUCCESS :  Connection Successful
23:23:45.132 [main] INFO  com.tourism_org.com.tourismapp.config.DbConnection - DB SUCCESS :  Connection Successful
23:24:05.549 [main] INFO  com.tourism_org.com.tourismapp.config.DbConnection - DB SUCCESS :  Connection Successful
23:24:05.549 [main] INFO  com.tourism_org.com.tourismapp.config.DbConnection - DB SUCCESS :  Connection Successful
23:24:26.394 [main] INFO  com.tourism_org.com.tourismapp.config.DbConnection - DB SUCCESS :  Connection Successful
23:24:26.394 [main] INFO  com.tourism_org.com.tourismapp.config.DbConnection - DB SUCCESS :  Connection Successful
12:02:49.169 [main] INFO  com.tourism_org.com.tourismapp.config.DbConnection - DB SUCCESS :  Connection Successful
12:02:49.169 [main] INFO  com.tourism_org.com.tourismapp.config.DbConnection - DB SUCCESS :  Connection Successful
12:02:49.333 [main] INFO  com.tourism_org.com.tourismapp.config.DbConnection - DB SUCCESS :  Connection Successful
12:02:49.333 [main] INFO  com.tourism_org.com.tourismapp.config.DbConnection - DB SUCCESS :  Connection Successful
12:03:28.830 [main] INFO  com.tourism_org.com.tourismapp.config.DbConnection - DB SUCCESS :  Connection Successful
12:03:28.830 [main] INFO  com.tourism_org.com.tourismapp.config.DbConnection - DB SUCCESS :  Connection Successful
12:03:29.009 [main] INFO  com.tourism_org.com.tourismapp.config.DbConnection - DB SUCCESS :  Connection Successful
12:03:29.009 [main] INFO  com.tourism_org.com.tourismapp.config.DbConnection - DB SUCCESS :  Connection Successful
12:04:34.089 [main] INFO  com.tourism_org.com.tourismapp.dao.PackageDao - SQL ERROR :  Could not insert data - Duplicate entry 'CP303' for key 'cp_code_UNIQUE'
12:04:34.089 [main] INFO  com.tourism_org.com.tourismapp.dao.PackageDao - SQL ERROR :  Could not insert data - Duplicate entry 'CP303' for key 'cp_code_UNIQUE'
12:05:03.831 [main] INFO  com.tourism_org.com.tourismapp.dao.PackageDao - SQL ERROR :  Could not insert data - Duplicate entry 'CP303' for key 'cp_code_UNIQUE'
12:05:03.831 [main] INFO  com.tourism_org.com.tourismapp.dao.PackageDao - SQL ERROR :  Could not insert data - Duplicate entry 'CP303' for key 'cp_code_UNIQUE'
12:05:21.243 [main] INFO  com.tourism_org.com.tourismapp.dao.PackageDao - SQL ERROR :  Could not insert data - Duplicate entry 'CP303' for key 'cp_code_UNIQUE'
12:05:21.243 [main] INFO  com.tourism_org.com.tourismapp.dao.PackageDao - SQL ERROR :  Could not insert data - Duplicate entry 'CP303' for key 'cp_code_UNIQUE'
13:17:46.354 [main] INFO  com.tourism_org.com.tourismapp.config.DbConnection - DB SUCCESS :  Connection Successful
13:17:46.354 [main] INFO  com.tourism_org.com.tourismapp.config.DbConnection - DB SUCCESS :  Connection Successful
13:19:22.438 [main] INFO  com.tourism_org.com.tourismapp.dao.PackageDao - SQL ERROR :  Could not insert data - Duplicate entry 'CP303' for key 'cp_code_UNIQUE'
13:19:22.438 [main] INFO  com.tourism_org.com.tourismapp.dao.PackageDao - SQL ERROR :  Could not insert data - Duplicate entry 'CP303' for key 'cp_code_UNIQUE'
13:19:22.457 [main] INFO  com.tourism_org.com.tourismapp.config.DbConnection - DB SUCCESS :  Connection Successful
13:19:22.457 [main] INFO  com.tourism_org.com.tourismapp.config.DbConnection - DB SUCCESS :  Connection Successful
13:22:55.694 [main] INFO  com.tourism_org.com.tourismapp.config.DbConnection - DB SUCCESS :  Connection Successful
13:22:55.694 [main] INFO  com.tourism_org.com.tourismapp.config.DbConnection - DB SUCCESS :  Connection Successful
13:23:27.264 [main] INFO  com.tourism_org.com.tourismapp.dao.PackageDao - SQL ERROR :  Could not insert data - Duplicate entry 'CP312' for key 'cp_code_UNIQUE'
13:23:27.264 [main] INFO  com.tourism_org.com.tourismapp.dao.PackageDao - SQL ERROR :  Could not insert data - Duplicate entry 'CP312' for key 'cp_code_UNIQUE'
13:23:27.280 [main] INFO  com.tourism_org.com.tourismapp.config.DbConnection - DB SUCCESS :  Connection Successful
13:23:27.280 [main] INFO  com.tourism_org.com.tourismapp.config.DbConnection - DB SUCCESS :  Connection Successful
13:23:56.776 [main] INFO  com.tourism_org.com.tourismapp.dao.PackageDao - SQL ERROR :  Could not insert data - Duplicate entry 'CP312' for key 'cp_code_UNIQUE'
13:23:56.776 [main] INFO  com.tourism_org.com.tourismapp.dao.PackageDao - SQL ERROR :  Could not insert data - Duplicate entry 'CP312' for key 'cp_code_UNIQUE'
13:23:56.791 [main] INFO  com.tourism_org.com.tourismapp.config.DbConnection - DB SUCCESS :  Connection Successful
13:23:56.791 [main] INFO  com.tourism_org.com.tourismapp.config.DbConnection - DB SUCCESS :  Connection Successful
13:24:30.266 [main] INFO  com.tourism_org.com.tourismapp.dao.PackageDao - SQL ERROR :  Could not insert data - Duplicate entry 'CP312' for key 'cp_code_UNIQUE'
13:24:30.266 [main] INFO  com.tourism_org.com.tourismapp.dao.PackageDao - SQL ERROR :  Could not insert data - Duplicate entry 'CP312' for key 'cp_code_UNIQUE'
13:24:30.308 [main] INFO  com.tourism_org.com.tourismapp.config.DbConnection - DB SUCCESS :  Connection Successful
13:24:30.308 [main] INFO  com.tourism_org.com.tourismapp.config.DbConnection - DB SUCCESS :  Connection Successful
13:25:43.741 [main] INFO  com.tourism_org.com.tourismapp.config.DbConnection - DB SUCCESS :  Connection Successful
13:25:43.741 [main] INFO  com.tourism_org.com.tourismapp.config.DbConnection - DB SUCCESS :  Connection Successful
13:26:06.695 [main] INFO  com.tourism_org.com.tourismapp.dao.PackageDao - SQL ERROR :  Could not insert data - Duplicate entry 'CP312' for key 'cp_code_UNIQUE'
13:26:06.695 [main] INFO  com.tourism_org.com.tourismapp.dao.PackageDao - SQL ERROR :  Could not insert data - Duplicate entry 'CP312' for key 'cp_code_UNIQUE'
13:26:06.714 [main] INFO  com.tourism_org.com.tourismapp.config.DbConnection - DB SUCCESS :  Connection Successful
13:26:06.714 [main] INFO  com.tourism_org.com.tourismapp.config.DbConnection - DB SUCCESS :  Connection Successful
23:05:29.981 [main] INFO  com.tourism_org.com.tourismapp.config.DbConnection - DB SUCCESS :  Connection Successful
23:05:29.981 [main] INFO  com.tourism_org.com.tourismapp.config.DbConnection - DB SUCCESS :  Connection Successful
23:05:30.116 [main] INFO  com.tourism_org.com.tourismapp.config.DbConnection - DB SUCCESS :  Connection Successful
23:05:30.116 [main] INFO  com.tourism_org.com.tourismapp.config.DbConnection - DB SUCCESS :  Connection Successful
23:05:30.191 [main] INFO  com.tourism_org.com.tourismapp.config.DbConnection - DB SUCCESS :  Connection Successful
23:05:30.191 [main] INFO  com.tourism_org.com.tourismapp.config.DbConnection - DB SUCCESS :  Connection Successful
23:05:30.213 [main] INFO  com.tourism_org.com.tourismapp.config.DbConnection - DB SUCCESS :  Connection Successful
23:05:30.213 [main] INFO  com.tourism_org.com.tourismapp.config.DbConnection - DB SUCCESS :  Connection Successful
23:05:30.254 [main] INFO  com.tourism_org.com.tourismapp.config.DbConnection - DB SUCCESS :  Connection Successful
23:05:30.254 [main] INFO  com.tourism_org.com.tourismapp.config.DbConnection - DB SUCCESS :  Connection Successful
23:06:20.674 [main] INFO  com.tourism_org.com.tourismapp.config.DbConnection - DB SUCCESS :  Connection Successful
23:06:20.674 [main] INFO  com.tourism_org.com.tourismapp.config.DbConnection - DB SUCCESS :  Connection Successful
23:06:20.735 [main] ERROR com.tourism_org.com.tourismapp.dao.AdminDao - SQL ERROR :  Could not insert data - Duplicate entry 'joseph.faux@gmail.com' for key 'email'
23:06:20.735 [main] ERROR com.tourism_org.com.tourismapp.dao.AdminDao - SQL ERROR :  Could not insert data - Duplicate entry 'joseph.faux@gmail.com' for key 'email'
23:06:20.773 [main] INFO  com.tourism_org.com.tourismapp.config.DbConnection - DB SUCCESS :  Connection Successful
23:06:20.773 [main] INFO  com.tourism_org.com.tourismapp.config.DbConnection - DB SUCCESS :  Connection Successful
23:06:20.807 [main] INFO  com.tourism_org.com.tourismapp.config.DbConnection - DB SUCCESS :  Connection Successful
23:06:20.807 [main] INFO  com.tourism_org.com.tourismapp.config.DbConnection - DB SUCCESS :  Connection Successful
23:06:20.833 [main] INFO  com.tourism_org.com.tourismapp.config.DbConnection - DB SUCCESS :  Connection Successful
23:06:20.833 [main] INFO  com.tourism_org.com.tourismapp.config.DbConnection - DB SUCCESS :  Connection Successful
23:06:20.896 [main] INFO  com.tourism_org.com.tourismapp.config.DbConnection - DB SUCCESS :  Connection Successful
23:06:20.896 [main] INFO  com.tourism_org.com.tourismapp.config.DbConnection - DB SUCCESS :  Connection Successful
12:02:08.032 [main] INFO  com.tourism_org.com.tourismapp.config.DbConnection - DB SUCCESS :  Connection Successful
12:02:08.032 [main] INFO  com.tourism_org.com.tourismapp.config.DbConnection - DB SUCCESS :  Connection Successful
12:02:08.583 [main] INFO  com.tourism_org.com.tourismapp.config.DbConnection - DB SUCCESS :  Connection Successful
12:02:08.583 [main] INFO  com.tourism_org.com.tourismapp.config.DbConnection - DB SUCCESS :  Connection Successful
12:02:10.369 [main] INFO  com.tourism_org.com.tourismapp.config.DbConnection - DB SUCCESS :  Connection Successful
12:02:10.369 [main] INFO  com.tourism_org.com.tourismapp.config.DbConnection - DB SUCCESS :  Connection Successful
12:04:08.154 [main] INFO  com.tourism_org.com.tourismapp.config.DbConnection - DB SUCCESS :  Connection Successful
12:04:08.154 [main] INFO  com.tourism_org.com.tourismapp.config.DbConnection - DB SUCCESS :  Connection Successful
12:05:21.136 [main] INFO  com.tourism_org.com.tourismapp.config.DbConnection - DB SUCCESS :  Connection Successful
12:05:21.136 [main] INFO  com.tourism_org.com.tourismapp.config.DbConnection - DB SUCCESS :  Connection Successful
12:05:22.046 [main] INFO  com.tourism_org.com.tourismapp.config.DbConnection - DB SUCCESS :  Connection Successful
12:05:22.046 [main] INFO  com.tourism_org.com.tourismapp.config.DbConnection - DB SUCCESS :  Connection Successful
11:31:34.163 [main] INFO  com.tourism_org.com.tourismapp.config.DbConnection - DB SUCCESS :  Connection Successful
11:31:34.163 [main] INFO  com.tourism_org.com.tourismapp.config.DbConnection - DB SUCCESS :  Connection Successful
13:52:24.512 [main] INFO  com.tourism_org.com.tourismapp.config.DbConnection - DB SUCCESS :  Connection Successful
13:52:24.512 [main] INFO  com.tourism_org.com.tourismapp.config.DbConnection - DB SUCCESS :  Connection Successful
12:06:04.291 [main] ERROR com.tourism_org.com.tourismapp.config.DbConnection - 1267042315 DB ERROR :  Connection failed - Communications link failure

The last packet sent successfully to the server was 0 milliseconds ago. The driver has not received any packets from the server.
12:06:04.291 [main] ERROR com.tourism_org.com.tourismapp.config.DbConnection - 1267042315 DB ERROR :  Connection failed - Communications link failure

The last packet sent successfully to the server was 0 milliseconds ago. The driver has not received any packets from the server.
12:06:04.318 [main] ERROR com.tourism_org.com.tourismapp.dao.AdminDao - SQL ERROR :  Could not insert data - Cannot invoke "java.sql.Connection.prepareStatement(String)" because "connection" is null
12:06:04.318 [main] ERROR com.tourism_org.com.tourismapp.dao.AdminDao - SQL ERROR :  Could not insert data - Cannot invoke "java.sql.Connection.prepareStatement(String)" because "connection" is null
12:06:05.954 [main] ERROR com.tourism_org.com.tourismapp.config.DbConnection - 1627883152 DB ERROR :  Connection failed - Communications link failure

The last packet sent successfully to the server was 0 milliseconds ago. The driver has not received any packets from the server.
12:06:05.954 [main] ERROR com.tourism_org.com.tourismapp.config.DbConnection - 1627883152 DB ERROR :  Connection failed - Communications link failure

The last packet sent successfully to the server was 0 milliseconds ago. The driver has not received any packets from the server.
12:06:05.959 [main] ERROR com.tourism_org.com.tourismapp.dao.AdminDao - Record Error : Incorrect Login Credentials - Cannot invoke "java.sql.Connection.prepareStatement(String)" because "connection" is null
12:06:05.959 [main] ERROR com.tourism_org.com.tourismapp.dao.AdminDao - Record Error : Incorrect Login Credentials - Cannot invoke "java.sql.Connection.prepareStatement(String)" because "connection" is null
12:06:08.147 [main] ERROR com.tourism_org.com.tourismapp.config.DbConnection - 677217562 DB ERROR :  Connection failed - Communications link failure

The last packet sent successfully to the server was 0 milliseconds ago. The driver has not received any packets from the server.
12:06:08.147 [main] ERROR com.tourism_org.com.tourismapp.config.DbConnection - 677217562 DB ERROR :  Connection failed - Communications link failure

The last packet sent successfully to the server was 0 milliseconds ago. The driver has not received any packets from the server.
12:06:08.235 [main] ERROR com.tourism_org.com.tourismapp.dao.AdminDao - Email Error : The email entered has not been registered. - Cannot invoke "java.sql.Connection.prepareStatement(String)" because "connection" is null
12:06:08.235 [main] ERROR com.tourism_org.com.tourismapp.dao.AdminDao - Email Error : The email entered has not been registered. - Cannot invoke "java.sql.Connection.prepareStatement(String)" because "connection" is null
12:06:10.930 [main] ERROR com.tourism_org.com.tourismapp.config.DbConnection - 467632528 DB ERROR :  Connection failed - Communications link failure

The last packet sent successfully to the server was 0 milliseconds ago. The driver has not received any packets from the server.
12:06:10.930 [main] ERROR com.tourism_org.com.tourismapp.config.DbConnection - 467632528 DB ERROR :  Connection failed - Communications link failure

The last packet sent successfully to the server was 0 milliseconds ago. The driver has not received any packets from the server.
12:06:10.936 [main] ERROR com.tourism_org.com.tourismapp.dao.AdminDao - DB ERROR :  Could not access data - Cannot invoke "java.sql.Connection.prepareStatement(String)" because "connection" is null
12:06:10.936 [main] ERROR com.tourism_org.com.tourismapp.dao.AdminDao - DB ERROR :  Could not access data - Cannot invoke "java.sql.Connection.prepareStatement(String)" because "connection" is null
12:06:14.086 [main] ERROR com.tourism_org.com.tourismapp.config.DbConnection - 26357357 DB ERROR :  Connection failed - Communications link failure

The last packet sent successfully to the server was 0 milliseconds ago. The driver has not received any packets from the server.
12:06:14.086 [main] ERROR com.tourism_org.com.tourismapp.config.DbConnection - 26357357 DB ERROR :  Connection failed - Communications link failure

The last packet sent successfully to the server was 0 milliseconds ago. The driver has not received any packets from the server.
12:08:26.643 [main] ERROR com.tourism_org.com.tourismapp.config.DbConnection - 413373997 DB ERROR :  Connection failed - Communications link failure

The last packet sent successfully to the server was 0 milliseconds ago. The driver has not received any packets from the server.
12:08:26.643 [main] ERROR com.tourism_org.com.tourismapp.config.DbConnection - 413373997 DB ERROR :  Connection failed - Communications link failure

The last packet sent successfully to the server was 0 milliseconds ago. The driver has not received any packets from the server.
12:08:26.679 [main] ERROR com.tourism_org.com.tourismapp.dao.AdminDao - SQL ERROR :  Could not insert data - Cannot invoke "java.sql.Connection.prepareStatement(String)" because "connection" is null
12:08:26.679 [main] ERROR com.tourism_org.com.tourismapp.dao.AdminDao - SQL ERROR :  Could not insert data - Cannot invoke "java.sql.Connection.prepareStatement(String)" because "connection" is null
12:08:28.335 [main] ERROR com.tourism_org.com.tourismapp.config.DbConnection - 1576277927 DB ERROR :  Connection failed - Communications link failure

The last packet sent successfully to the server was 0 milliseconds ago. The driver has not received any packets from the server.
12:08:28.335 [main] ERROR com.tourism_org.com.tourismapp.config.DbConnection - 1576277927 DB ERROR :  Connection failed - Communications link failure

The last packet sent successfully to the server was 0 milliseconds ago. The driver has not received any packets from the server.
12:08:28.345 [main] ERROR com.tourism_org.com.tourismapp.dao.AdminDao - Record Error : Incorrect Login Credentials - Cannot invoke "java.sql.Connection.prepareStatement(String)" because "connection" is null
12:08:28.345 [main] ERROR com.tourism_org.com.tourismapp.dao.AdminDao - Record Error : Incorrect Login Credentials - Cannot invoke "java.sql.Connection.prepareStatement(String)" because "connection" is null
12:08:30.465 [main] ERROR com.tourism_org.com.tourismapp.config.DbConnection - 1250582716 DB ERROR :  Connection failed - Communications link failure

The last packet sent successfully to the server was 0 milliseconds ago. The driver has not received any packets from the server.
12:08:30.465 [main] ERROR com.tourism_org.com.tourismapp.config.DbConnection - 1250582716 DB ERROR :  Connection failed - Communications link failure

The last packet sent successfully to the server was 0 milliseconds ago. The driver has not received any packets from the server.
12:08:30.529 [main] ERROR com.tourism_org.com.tourismapp.dao.AdminDao - Email Error : The email entered has not been registered. - Cannot invoke "java.sql.Connection.prepareStatement(String)" because "connection" is null
12:08:30.529 [main] ERROR com.tourism_org.com.tourismapp.dao.AdminDao - Email Error : The email entered has not been registered. - Cannot invoke "java.sql.Connection.prepareStatement(String)" because "connection" is null
12:08:33.345 [main] ERROR com.tourism_org.com.tourismapp.config.DbConnection - 1959708563 DB ERROR :  Connection failed - Communications link failure

The last packet sent successfully to the server was 0 milliseconds ago. The driver has not received any packets from the server.
12:08:33.345 [main] ERROR com.tourism_org.com.tourismapp.config.DbConnection - 1959708563 DB ERROR :  Connection failed - Communications link failure

The last packet sent successfully to the server was 0 milliseconds ago. The driver has not received any packets from the server.
12:08:33.348 [main] ERROR com.tourism_org.com.tourismapp.dao.AdminDao - DB ERROR :  Could not access data - Cannot invoke "java.sql.Connection.prepareStatement(String)" because "connection" is null
12:08:33.348 [main] ERROR com.tourism_org.com.tourismapp.dao.AdminDao - DB ERROR :  Could not access data - Cannot invoke "java.sql.Connection.prepareStatement(String)" because "connection" is null
12:08:36.660 [main] ERROR com.tourism_org.com.tourismapp.config.DbConnection - 296541232 DB ERROR :  Connection failed - Communications link failure

The last packet sent successfully to the server was 0 milliseconds ago. The driver has not received any packets from the server.
12:08:36.660 [main] ERROR com.tourism_org.com.tourismapp.config.DbConnection - 296541232 DB ERROR :  Connection failed - Communications link failure

The last packet sent successfully to the server was 0 milliseconds ago. The driver has not received any packets from the server.
12:10:29.738 [main] ERROR com.tourism_org.com.tourismapp.config.DbConnection - 413373997 DB ERROR :  Connection failed - Communications link failure

The last packet sent successfully to the server was 0 milliseconds ago. The driver has not received any packets from the server.
12:10:29.738 [main] ERROR com.tourism_org.com.tourismapp.config.DbConnection - 413373997 DB ERROR :  Connection failed - Communications link failure

The last packet sent successfully to the server was 0 milliseconds ago. The driver has not received any packets from the server.
12:10:29.782 [main] ERROR com.tourism_org.com.tourismapp.dao.AdminDao - SQL ERROR :  Could not insert data - Cannot invoke "java.sql.Connection.prepareStatement(String)" because "connection" is null
12:10:29.782 [main] ERROR com.tourism_org.com.tourismapp.dao.AdminDao - SQL ERROR :  Could not insert data - Cannot invoke "java.sql.Connection.prepareStatement(String)" because "connection" is null
12:10:31.640 [main] ERROR com.tourism_org.com.tourismapp.config.DbConnection - 1576277927 DB ERROR :  Connection failed - Communications link failure

The last packet sent successfully to the server was 0 milliseconds ago. The driver has not received any packets from the server.
12:10:31.640 [main] ERROR com.tourism_org.com.tourismapp.config.DbConnection - 1576277927 DB ERROR :  Connection failed - Communications link failure

The last packet sent successfully to the server was 0 milliseconds ago. The driver has not received any packets from the server.
12:10:31.652 [main] ERROR com.tourism_org.com.tourismapp.dao.AdminDao - Record Error : Incorrect Login Credentials - Cannot invoke "java.sql.Connection.prepareStatement(String)" because "connection" is null
12:10:31.652 [main] ERROR com.tourism_org.com.tourismapp.dao.AdminDao - Record Error : Incorrect Login Credentials - Cannot invoke "java.sql.Connection.prepareStatement(String)" because "connection" is null
12:10:33.784 [main] ERROR com.tourism_org.com.tourismapp.config.DbConnection - 1250582716 DB ERROR :  Connection failed - Communications link failure

The last packet sent successfully to the server was 0 milliseconds ago. The driver has not received any packets from the server.
12:10:33.784 [main] ERROR com.tourism_org.com.tourismapp.config.DbConnection - 1250582716 DB ERROR :  Connection failed - Communications link failure

The last packet sent successfully to the server was 0 milliseconds ago. The driver has not received any packets from the server.
12:10:33.836 [main] ERROR com.tourism_org.com.tourismapp.dao.AdminDao - Email Error : The email entered has not been registered. - Cannot invoke "java.sql.Connection.prepareStatement(String)" because "connection" is null
12:10:33.836 [main] ERROR com.tourism_org.com.tourismapp.dao.AdminDao - Email Error : The email entered has not been registered. - Cannot invoke "java.sql.Connection.prepareStatement(String)" because "connection" is null
12:10:36.501 [main] ERROR com.tourism_org.com.tourismapp.config.DbConnection - 1959708563 DB ERROR :  Connection failed - Communications link failure

The last packet sent successfully to the server was 0 milliseconds ago. The driver has not received any packets from the server.
12:10:36.501 [main] ERROR com.tourism_org.com.tourismapp.config.DbConnection - 1959708563 DB ERROR :  Connection failed - Communications link failure

The last packet sent successfully to the server was 0 milliseconds ago. The driver has not received any packets from the server.
12:10:36.510 [main] ERROR com.tourism_org.com.tourismapp.dao.AdminDao - DB ERROR :  Could not access data - Cannot invoke "java.sql.Connection.prepareStatement(String)" because "connection" is null
12:10:36.510 [main] ERROR com.tourism_org.com.tourismapp.dao.AdminDao - DB ERROR :  Could not access data - Cannot invoke "java.sql.Connection.prepareStatement(String)" because "connection" is null
12:10:39.735 [main] ERROR com.tourism_org.com.tourismapp.config.DbConnection - 296541232 DB ERROR :  Connection failed - Communications link failure

The last packet sent successfully to the server was 0 milliseconds ago. The driver has not received any packets from the server.
12:10:39.735 [main] ERROR com.tourism_org.com.tourismapp.config.DbConnection - 296541232 DB ERROR :  Connection failed - Communications link failure

The last packet sent successfully to the server was 0 milliseconds ago. The driver has not received any packets from the server.
12:12:16.693 [main] ERROR com.tourism_org.com.tourismapp.config.DbConnection - 293474277 DB ERROR :  Connection failed - Communications link failure

The last packet sent successfully to the server was 0 milliseconds ago. The driver has not received any packets from the server.
12:12:16.693 [main] ERROR com.tourism_org.com.tourismapp.config.DbConnection - 293474277 DB ERROR :  Connection failed - Communications link failure

The last packet sent successfully to the server was 0 milliseconds ago. The driver has not received any packets from the server.
12:12:16.737 [main] ERROR com.tourism_org.com.tourismapp.dao.AdminDao - SQL ERROR :  Could not insert data - Cannot invoke "java.sql.Connection.prepareStatement(String)" because "connection" is null
12:12:16.737 [main] ERROR com.tourism_org.com.tourismapp.dao.AdminDao - SQL ERROR :  Could not insert data - Cannot invoke "java.sql.Connection.prepareStatement(String)" because "connection" is null
12:12:18.424 [main] ERROR com.tourism_org.com.tourismapp.config.DbConnection - 789982400 DB ERROR :  Connection failed - Communications link failure

The last packet sent successfully to the server was 0 milliseconds ago. The driver has not received any packets from the server.
12:12:18.424 [main] ERROR com.tourism_org.com.tourismapp.config.DbConnection - 789982400 DB ERROR :  Connection failed - Communications link failure

The last packet sent successfully to the server was 0 milliseconds ago. The driver has not received any packets from the server.
12:12:18.430 [main] ERROR com.tourism_org.com.tourismapp.dao.AdminDao - Record Error : Incorrect Login Credentials - Cannot invoke "java.sql.Connection.prepareStatement(String)" because "connection" is null
12:12:18.430 [main] ERROR com.tourism_org.com.tourismapp.dao.AdminDao - Record Error : Incorrect Login Credentials - Cannot invoke "java.sql.Connection.prepareStatement(String)" because "connection" is null
12:12:20.535 [main] ERROR com.tourism_org.com.tourismapp.config.DbConnection - 975001918 DB ERROR :  Connection failed - Communications link failure

The last packet sent successfully to the server was 0 milliseconds ago. The driver has not received any packets from the server.
12:12:20.535 [main] ERROR com.tourism_org.com.tourismapp.config.DbConnection - 975001918 DB ERROR :  Connection failed - Communications link failure

The last packet sent successfully to the server was 0 milliseconds ago. The driver has not received any packets from the server.
12:12:20.596 [main] ERROR com.tourism_org.com.tourismapp.dao.AdminDao - Email Error : The email entered has not been registered. - Cannot invoke "java.sql.Connection.prepareStatement(String)" because "connection" is null
12:12:20.596 [main] ERROR com.tourism_org.com.tourismapp.dao.AdminDao - Email Error : The email entered has not been registered. - Cannot invoke "java.sql.Connection.prepareStatement(String)" because "connection" is null
12:12:23.353 [main] ERROR com.tourism_org.com.tourismapp.config.DbConnection - 261845810 DB ERROR :  Connection failed - Communications link failure

The last packet sent successfully to the server was 0 milliseconds ago. The driver has not received any packets from the server.
12:12:23.353 [main] ERROR com.tourism_org.com.tourismapp.config.DbConnection - 261845810 DB ERROR :  Connection failed - Communications link failure

The last packet sent successfully to the server was 0 milliseconds ago. The driver has not received any packets from the server.
12:12:23.360 [main] ERROR com.tourism_org.com.tourismapp.dao.AdminDao - DB ERROR :  Could not access data - Cannot invoke "java.sql.Connection.prepareStatement(String)" because "connection" is null
12:12:23.360 [main] ERROR com.tourism_org.com.tourismapp.dao.AdminDao - DB ERROR :  Could not access data - Cannot invoke "java.sql.Connection.prepareStatement(String)" because "connection" is null
12:12:26.549 [main] ERROR com.tourism_org.com.tourismapp.config.DbConnection - 1442038800 DB ERROR :  Connection failed - Communications link failure

The last packet sent successfully to the server was 0 milliseconds ago. The driver has not received any packets from the server.
12:12:26.549 [main] ERROR com.tourism_org.com.tourismapp.config.DbConnection - 1442038800 DB ERROR :  Connection failed - Communications link failure

The last packet sent successfully to the server was 0 milliseconds ago. The driver has not received any packets from the server.
12:13:08.384 [main] ERROR com.tourism_org.com.tourismapp.config.DbConnection - 1564892747 DB ERROR :  Connection failed - Communications link failure

The last packet sent successfully to the server was 0 milliseconds ago. The driver has not received any packets from the server.
12:13:08.384 [main] ERROR com.tourism_org.com.tourismapp.config.DbConnection - 1564892747 DB ERROR :  Connection failed - Communications link failure

The last packet sent successfully to the server was 0 milliseconds ago. The driver has not received any packets from the server.
12:13:08.439 [main] ERROR com.tourism_org.com.tourismapp.dao.AdminDao - SQL ERROR :  Could not insert data - Cannot invoke "java.sql.Connection.prepareStatement(String)" because "connection" is null
12:13:08.439 [main] ERROR com.tourism_org.com.tourismapp.dao.AdminDao - SQL ERROR :  Could not insert data - Cannot invoke "java.sql.Connection.prepareStatement(String)" because "connection" is null
12:13:10.206 [main] ERROR com.tourism_org.com.tourismapp.config.DbConnection - 1690050988 DB ERROR :  Connection failed - Communications link failure

The last packet sent successfully to the server was 0 milliseconds ago. The driver has not received any packets from the server.
12:13:10.206 [main] ERROR com.tourism_org.com.tourismapp.config.DbConnection - 1690050988 DB ERROR :  Connection failed - Communications link failure

The last packet sent successfully to the server was 0 milliseconds ago. The driver has not received any packets from the server.
12:13:10.212 [main] ERROR com.tourism_org.com.tourismapp.dao.AdminDao - Record Error : Incorrect Login Credentials - Cannot invoke "java.sql.Connection.prepareStatement(String)" because "connection" is null
12:13:10.212 [main] ERROR com.tourism_org.com.tourismapp.dao.AdminDao - Record Error : Incorrect Login Credentials - Cannot invoke "java.sql.Connection.prepareStatement(String)" because "connection" is null
12:13:12.444 [main] ERROR com.tourism_org.com.tourismapp.config.DbConnection - 1076966140 DB ERROR :  Connection failed - Communications link failure

The last packet sent successfully to the server was 0 milliseconds ago. The driver has not received any packets from the server.
12:13:12.444 [main] ERROR com.tourism_org.com.tourismapp.config.DbConnection - 1076966140 DB ERROR :  Connection failed - Communications link failure

The last packet sent successfully to the server was 0 milliseconds ago. The driver has not received any packets from the server.
12:13:12.499 [main] ERROR com.tourism_org.com.tourismapp.dao.AdminDao - Email Error : The email entered has not been registered. - Cannot invoke "java.sql.Connection.prepareStatement(String)" because "connection" is null
12:13:12.499 [main] ERROR com.tourism_org.com.tourismapp.dao.AdminDao - Email Error : The email entered has not been registered. - Cannot invoke "java.sql.Connection.prepareStatement(String)" because "connection" is null
12:13:15.448 [main] ERROR com.tourism_org.com.tourismapp.config.DbConnection - 862025017 DB ERROR :  Connection failed - Communications link failure

The last packet sent successfully to the server was 0 milliseconds ago. The driver has not received any packets from the server.
12:13:15.448 [main] ERROR com.tourism_org.com.tourismapp.config.DbConnection - 862025017 DB ERROR :  Connection failed - Communications link failure

The last packet sent successfully to the server was 0 milliseconds ago. The driver has not received any packets from the server.
12:13:15.450 [main] ERROR com.tourism_org.com.tourismapp.dao.AdminDao - DB ERROR :  Could not access data - Cannot invoke "java.sql.Connection.prepareStatement(String)" because "connection" is null
12:13:15.450 [main] ERROR com.tourism_org.com.tourismapp.dao.AdminDao - DB ERROR :  Could not access data - Cannot invoke "java.sql.Connection.prepareStatement(String)" because "connection" is null
12:13:18.985 [main] ERROR com.tourism_org.com.tourismapp.config.DbConnection - 701487403 DB ERROR :  Connection failed - Communications link failure

The last packet sent successfully to the server was 0 milliseconds ago. The driver has not received any packets from the server.
12:13:18.985 [main] ERROR com.tourism_org.com.tourismapp.config.DbConnection - 701487403 DB ERROR :  Connection failed - Communications link failure

The last packet sent successfully to the server was 0 milliseconds ago. The driver has not received any packets from the server.
12:14:11.703 [main] ERROR com.tourism_org.com.tourismapp.config.DbConnection - 413373997 DB ERROR :  Connection failed - Communications link failure

The last packet sent successfully to the server was 0 milliseconds ago. The driver has not received any packets from the server.
12:14:11.703 [main] ERROR com.tourism_org.com.tourismapp.config.DbConnection - 413373997 DB ERROR :  Connection failed - Communications link failure

The last packet sent successfully to the server was 0 milliseconds ago. The driver has not received any packets from the server.
12:14:11.725 [main] ERROR com.tourism_org.com.tourismapp.dao.AdminDao - SQL ERROR :  Could not insert data - Cannot invoke "java.sql.Connection.prepareStatement(String)" because "connection" is null
12:14:11.725 [main] ERROR com.tourism_org.com.tourismapp.dao.AdminDao - SQL ERROR :  Could not insert data - Cannot invoke "java.sql.Connection.prepareStatement(String)" because "connection" is null
12:14:13.445 [main] ERROR com.tourism_org.com.tourismapp.config.DbConnection - 1576277927 DB ERROR :  Connection failed - Communications link failure

The last packet sent successfully to the server was 0 milliseconds ago. The driver has not received any packets from the server.
12:14:13.445 [main] ERROR com.tourism_org.com.tourismapp.config.DbConnection - 1576277927 DB ERROR :  Connection failed - Communications link failure

The last packet sent successfully to the server was 0 milliseconds ago. The driver has not received any packets from the server.
12:14:13.454 [main] ERROR com.tourism_org.com.tourismapp.dao.AdminDao - Record Error : Incorrect Login Credentials - Cannot invoke "java.sql.Connection.prepareStatement(String)" because "connection" is null
12:14:13.454 [main] ERROR com.tourism_org.com.tourismapp.dao.AdminDao - Record Error : Incorrect Login Credentials - Cannot invoke "java.sql.Connection.prepareStatement(String)" because "connection" is null
12:14:15.773 [main] ERROR com.tourism_org.com.tourismapp.config.DbConnection - 1250582716 DB ERROR :  Connection failed - Communications link failure

The last packet sent successfully to the server was 0 milliseconds ago. The driver has not received any packets from the server.
12:14:15.773 [main] ERROR com.tourism_org.com.tourismapp.config.DbConnection - 1250582716 DB ERROR :  Connection failed - Communications link failure

The last packet sent successfully to the server was 0 milliseconds ago. The driver has not received any packets from the server.
12:14:15.818 [main] ERROR com.tourism_org.com.tourismapp.dao.AdminDao - Email Error : The email entered has not been registered. - Cannot invoke "java.sql.Connection.prepareStatement(String)" because "connection" is null
12:14:15.818 [main] ERROR com.tourism_org.com.tourismapp.dao.AdminDao - Email Error : The email entered has not been registered. - Cannot invoke "java.sql.Connection.prepareStatement(String)" because "connection" is null
12:14:18.586 [main] ERROR com.tourism_org.com.tourismapp.config.DbConnection - 1959708563 DB ERROR :  Connection failed - Communications link failure

The last packet sent successfully to the server was 0 milliseconds ago. The driver has not received any packets from the server.
12:14:18.586 [main] ERROR com.tourism_org.com.tourismapp.config.DbConnection - 1959708563 DB ERROR :  Connection failed - Communications link failure

The last packet sent successfully to the server was 0 milliseconds ago. The driver has not received any packets from the server.
12:14:18.595 [main] ERROR com.tourism_org.com.tourismapp.dao.AdminDao - DB ERROR :  Could not access data - Cannot invoke "java.sql.Connection.prepareStatement(String)" because "connection" is null
12:14:18.595 [main] ERROR com.tourism_org.com.tourismapp.dao.AdminDao - DB ERROR :  Could not access data - Cannot invoke "java.sql.Connection.prepareStatement(String)" because "connection" is null
12:14:21.980 [main] ERROR com.tourism_org.com.tourismapp.config.DbConnection - 296541232 DB ERROR :  Connection failed - Communications link failure

The last packet sent successfully to the server was 0 milliseconds ago. The driver has not received any packets from the server.
12:14:21.980 [main] ERROR com.tourism_org.com.tourismapp.config.DbConnection - 296541232 DB ERROR :  Connection failed - Communications link failure

The last packet sent successfully to the server was 0 milliseconds ago. The driver has not received any packets from the server.
12:16:02.547 [main] ERROR com.tourism_org.com.tourismapp.config.DbConnection - 754072705 DB ERROR :  Connection failed - Communications link failure

The last packet sent successfully to the server was 0 milliseconds ago. The driver has not received any packets from the server.
12:16:02.547 [main] ERROR com.tourism_org.com.tourismapp.config.DbConnection - 754072705 DB ERROR :  Connection failed - Communications link failure

The last packet sent successfully to the server was 0 milliseconds ago. The driver has not received any packets from the server.
12:16:02.583 [main] ERROR com.tourism_org.com.tourismapp.dao.AdminDao - DB ERROR :  Could not access data - Cannot invoke "java.sql.Connection.prepareStatement(String)" because "connection" is null
12:16:02.583 [main] ERROR com.tourism_org.com.tourismapp.dao.AdminDao - DB ERROR :  Could not access data - Cannot invoke "java.sql.Connection.prepareStatement(String)" because "connection" is null
17:11:53.265 [main] INFO  com.tourism_org.com.tourismapp.config.DbConnection - DB SUCCESS :  Connection Successful
17:11:53.265 [main] INFO  com.tourism_org.com.tourismapp.config.DbConnection - DB SUCCESS :  Connection Successful
17:11:53.391 [main] INFO  com.tourism_org.com.tourismapp.config.DbConnection - DB SUCCESS :  Connection Successful
17:11:53.391 [main] INFO  com.tourism_org.com.tourismapp.config.DbConnection - DB SUCCESS :  Connection Successful
17:12:09.583 [main] INFO  com.tourism_org.com.tourismapp.config.DbConnection - DB SUCCESS :  Connection Successful
17:12:09.583 [main] INFO  com.tourism_org.com.tourismapp.config.DbConnection - DB SUCCESS :  Connection Successful
17:12:09.707 [main] INFO  com.tourism_org.com.tourismapp.config.DbConnection - DB SUCCESS :  Connection Successful
17:12:09.707 [main] INFO  com.tourism_org.com.tourismapp.config.DbConnection - DB SUCCESS :  Connection Successful
17:30:31.856 [main] ERROR com.tourism_org.com.tourismapp.config.DbConnection - 1992801971 DB ERROR :  Connection failed - Communications link failure

The last packet sent successfully to the server was 0 milliseconds ago. The driver has not received any packets from the server.
17:30:31.856 [main] ERROR com.tourism_org.com.tourismapp.config.DbConnection - 1992801971 DB ERROR :  Connection failed - Communications link failure

The last packet sent successfully to the server was 0 milliseconds ago. The driver has not received any packets from the server.
17:30:31.897 [main] ERROR com.tourism_org.com.tourismapp.dao.AdminDao - SQL ERROR :  Could not insert data - Cannot invoke "java.sql.Connection.prepareStatement(String)" because "connection" is null
17:30:31.897 [main] ERROR com.tourism_org.com.tourismapp.dao.AdminDao - SQL ERROR :  Could not insert data - Cannot invoke "java.sql.Connection.prepareStatement(String)" because "connection" is null
17:30:34.309 [main] ERROR com.tourism_org.com.tourismapp.config.DbConnection - 1264941544 DB ERROR :  Connection failed - Communications link failure

The last packet sent successfully to the server was 0 milliseconds ago. The driver has not received any packets from the server.
17:30:34.309 [main] ERROR com.tourism_org.com.tourismapp.config.DbConnection - 1264941544 DB ERROR :  Connection failed - Communications link failure

The last packet sent successfully to the server was 0 milliseconds ago. The driver has not received any packets from the server.
17:30:34.323 [main] ERROR com.tourism_org.com.tourismapp.dao.AdminDao - Record Error : Incorrect Login Credentials - Cannot invoke "java.sql.Connection.prepareStatement(String)" because "connection" is null
17:30:34.323 [main] ERROR com.tourism_org.com.tourismapp.dao.AdminDao - Record Error : Incorrect Login Credentials - Cannot invoke "java.sql.Connection.prepareStatement(String)" because "connection" is null
17:30:37.372 [main] ERROR com.tourism_org.com.tourismapp.config.DbConnection - 1562764987 DB ERROR :  Connection failed - Communications link failure

The last packet sent successfully to the server was 0 milliseconds ago. The driver has not received any packets from the server.
17:30:37.372 [main] ERROR com.tourism_org.com.tourismapp.config.DbConnection - 1562764987 DB ERROR :  Connection failed - Communications link failure

The last packet sent successfully to the server was 0 milliseconds ago. The driver has not received any packets from the server.
17:30:37.378 [main] ERROR com.tourism_org.com.tourismapp.dao.AdminDao - Email Error : The email entered has not been registered. - Cannot invoke "java.sql.Connection.prepareStatement(String)" because "connection" is null
17:30:37.378 [main] ERROR com.tourism_org.com.tourismapp.dao.AdminDao - Email Error : The email entered has not been registered. - Cannot invoke "java.sql.Connection.prepareStatement(String)" because "connection" is null
17:30:40.943 [main] ERROR com.tourism_org.com.tourismapp.config.DbConnection - 481553464 DB ERROR :  Connection failed - Communications link failure

The last packet sent successfully to the server was 0 milliseconds ago. The driver has not received any packets from the server.
17:30:40.943 [main] ERROR com.tourism_org.com.tourismapp.config.DbConnection - 481553464 DB ERROR :  Connection failed - Communications link failure

The last packet sent successfully to the server was 0 milliseconds ago. The driver has not received any packets from the server.
17:30:40.944 [main] ERROR com.tourism_org.com.tourismapp.dao.AdminDao - DB ERROR :  Could not access data - Cannot invoke "java.sql.Connection.prepareStatement(String)" because "connection" is null
17:30:40.944 [main] ERROR com.tourism_org.com.tourismapp.dao.AdminDao - DB ERROR :  Could not access data - Cannot invoke "java.sql.Connection.prepareStatement(String)" because "connection" is null
17:30:45.866 [main] ERROR com.tourism_org.com.tourismapp.config.DbConnection - 1233505227 DB ERROR :  Connection failed - Communications link failure

The last packet sent successfully to the server was 0 milliseconds ago. The driver has not received any packets from the server.
17:30:45.866 [main] ERROR com.tourism_org.com.tourismapp.config.DbConnection - 1233505227 DB ERROR :  Connection failed - Communications link failure

The last packet sent successfully to the server was 0 milliseconds ago. The driver has not received any packets from the server.
17:37:29.243 [main] ERROR com.tourism_org.com.tourismapp.config.DbConnection - 1564892747 DB ERROR :  Connection failed - Communications link failure

The last packet sent successfully to the server was 0 milliseconds ago. The driver has not received any packets from the server.
17:37:29.243 [main] ERROR com.tourism_org.com.tourismapp.config.DbConnection - 1564892747 DB ERROR :  Connection failed - Communications link failure

The last packet sent successfully to the server was 0 milliseconds ago. The driver has not received any packets from the server.
17:37:29.277 [main] ERROR com.tourism_org.com.tourismapp.dao.AdminDao - SQL ERROR :  Could not insert data - Cannot invoke "java.sql.Connection.prepareStatement(String)" because "connection" is null
17:37:29.277 [main] ERROR com.tourism_org.com.tourismapp.dao.AdminDao - SQL ERROR :  Could not insert data - Cannot invoke "java.sql.Connection.prepareStatement(String)" because "connection" is null
17:37:31.894 [main] ERROR com.tourism_org.com.tourismapp.config.DbConnection - 1690050988 DB ERROR :  Connection failed - Communications link failure

The last packet sent successfully to the server was 0 milliseconds ago. The driver has not received any packets from the server.
17:37:31.894 [main] ERROR com.tourism_org.com.tourismapp.config.DbConnection - 1690050988 DB ERROR :  Connection failed - Communications link failure

The last packet sent successfully to the server was 0 milliseconds ago. The driver has not received any packets from the server.
17:37:31.901 [main] ERROR com.tourism_org.com.tourismapp.dao.AdminDao - Record Error : Incorrect Login Credentials - Cannot invoke "java.sql.Connection.prepareStatement(String)" because "connection" is null
17:37:31.901 [main] ERROR com.tourism_org.com.tourismapp.dao.AdminDao - Record Error : Incorrect Login Credentials - Cannot invoke "java.sql.Connection.prepareStatement(String)" because "connection" is null
17:37:35.168 [main] ERROR com.tourism_org.com.tourismapp.config.DbConnection - 1076966140 DB ERROR :  Connection failed - Communications link failure

The last packet sent successfully to the server was 0 milliseconds ago. The driver has not received any packets from the server.
17:37:35.168 [main] ERROR com.tourism_org.com.tourismapp.config.DbConnection - 1076966140 DB ERROR :  Connection failed - Communications link failure

The last packet sent successfully to the server was 0 milliseconds ago. The driver has not received any packets from the server.
17:37:35.172 [main] ERROR com.tourism_org.com.tourismapp.dao.AdminDao - Email Error : The email entered has not been registered. - Cannot invoke "java.sql.Connection.prepareStatement(String)" because "connection" is null
17:37:35.172 [main] ERROR com.tourism_org.com.tourismapp.dao.AdminDao - Email Error : The email entered has not been registered. - Cannot invoke "java.sql.Connection.prepareStatement(String)" because "connection" is null
17:37:38.949 [main] ERROR com.tourism_org.com.tourismapp.config.DbConnection - 2019157894 DB ERROR :  Connection failed - Communications link failure

The last packet sent successfully to the server was 0 milliseconds ago. The driver has not received any packets from the server.
17:37:38.949 [main] ERROR com.tourism_org.com.tourismapp.config.DbConnection - 2019157894 DB ERROR :  Connection failed - Communications link failure

The last packet sent successfully to the server was 0 milliseconds ago. The driver has not received any packets from the server.
17:37:38.952 [main] ERROR com.tourism_org.com.tourismapp.dao.AdminDao - DB ERROR :  Could not access data - Cannot invoke "java.sql.Connection.prepareStatement(String)" because "connection" is null
17:37:38.952 [main] ERROR com.tourism_org.com.tourismapp.dao.AdminDao - DB ERROR :  Could not access data - Cannot invoke "java.sql.Connection.prepareStatement(String)" because "connection" is null
17:37:43.460 [main] ERROR com.tourism_org.com.tourismapp.config.DbConnection - 691779749 DB ERROR :  Connection failed - Communications link failure

The last packet sent successfully to the server was 0 milliseconds ago. The driver has not received any packets from the server.
17:37:43.460 [main] ERROR com.tourism_org.com.tourismapp.config.DbConnection - 691779749 DB ERROR :  Connection failed - Communications link failure

The last packet sent successfully to the server was 0 milliseconds ago. The driver has not received any packets from the server.
20:21:32.133 [main] ERROR com.tourism_org.com.tourismapp.config.DbConnection - 413373997 DB ERROR :  Connection failed - Communications link failure

The last packet sent successfully to the server was 0 milliseconds ago. The driver has not received any packets from the server.
20:21:32.133 [main] ERROR com.tourism_org.com.tourismapp.config.DbConnection - 413373997 DB ERROR :  Connection failed - Communications link failure

The last packet sent successfully to the server was 0 milliseconds ago. The driver has not received any packets from the server.
20:21:32.157 [main] ERROR com.tourism_org.com.tourismapp.dao.AdminDao - SQL ERROR :  Could not insert data - Cannot invoke "java.sql.Connection.prepareStatement(String)" because "connection" is null
20:21:32.157 [main] ERROR com.tourism_org.com.tourismapp.dao.AdminDao - SQL ERROR :  Could not insert data - Cannot invoke "java.sql.Connection.prepareStatement(String)" because "connection" is null
20:21:34.584 [main] ERROR com.tourism_org.com.tourismapp.config.DbConnection - 1576277927 DB ERROR :  Connection failed - Communications link failure

The last packet sent successfully to the server was 0 milliseconds ago. The driver has not received any packets from the server.
20:21:34.584 [main] ERROR com.tourism_org.com.tourismapp.config.DbConnection - 1576277927 DB ERROR :  Connection failed - Communications link failure

The last packet sent successfully to the server was 0 milliseconds ago. The driver has not received any packets from the server.
20:21:34.587 [main] ERROR com.tourism_org.com.tourismapp.dao.AdminDao - Record Error : Incorrect Login Credentials - Cannot invoke "java.sql.Connection.prepareStatement(String)" because "connection" is null
20:21:34.587 [main] ERROR com.tourism_org.com.tourismapp.dao.AdminDao - Record Error : Incorrect Login Credentials - Cannot invoke "java.sql.Connection.prepareStatement(String)" because "connection" is null
20:21:37.752 [main] ERROR com.tourism_org.com.tourismapp.config.DbConnection - 1250582716 DB ERROR :  Connection failed - Communications link failure

The last packet sent successfully to the server was 0 milliseconds ago. The driver has not received any packets from the server.
20:21:37.752 [main] ERROR com.tourism_org.com.tourismapp.config.DbConnection - 1250582716 DB ERROR :  Connection failed - Communications link failure

The last packet sent successfully to the server was 0 milliseconds ago. The driver has not received any packets from the server.
20:21:37.755 [main] ERROR com.tourism_org.com.tourismapp.dao.AdminDao - Email Error : The email entered has not been registered. - Cannot invoke "java.sql.Connection.prepareStatement(String)" because "connection" is null
20:21:37.755 [main] ERROR com.tourism_org.com.tourismapp.dao.AdminDao - Email Error : The email entered has not been registered. - Cannot invoke "java.sql.Connection.prepareStatement(String)" because "connection" is null
20:21:41.541 [main] ERROR com.tourism_org.com.tourismapp.config.DbConnection - 2021053848 DB ERROR :  Connection failed - Communications link failure

The last packet sent successfully to the server was 0 milliseconds ago. The driver has not received any packets from the server.
20:21:41.541 [main] ERROR com.tourism_org.com.tourismapp.config.DbConnection - 2021053848 DB ERROR :  Connection failed - Communications link failure

The last packet sent successfully to the server was 0 milliseconds ago. The driver has not received any packets from the server.
20:21:41.542 [main] ERROR com.tourism_org.com.tourismapp.dao.AdminDao - DB ERROR :  Could not access data - Cannot invoke "java.sql.Connection.prepareStatement(String)" because "connection" is null
20:21:41.542 [main] ERROR com.tourism_org.com.tourismapp.dao.AdminDao - DB ERROR :  Could not access data - Cannot invoke "java.sql.Connection.prepareStatement(String)" because "connection" is null
20:21:46.151 [main] ERROR com.tourism_org.com.tourismapp.config.DbConnection - 949673757 DB ERROR :  Connection failed - Communications link failure

The last packet sent successfully to the server was 0 milliseconds ago. The driver has not received any packets from the server.
20:21:46.151 [main] ERROR com.tourism_org.com.tourismapp.config.DbConnection - 949673757 DB ERROR :  Connection failed - Communications link failure

The last packet sent successfully to the server was 0 milliseconds ago. The driver has not received any packets from the server.
20:22:40.142 [main] ERROR com.tourism_org.com.tourismapp.config.DbConnection - 293474277 DB ERROR :  Connection failed - Communications link failure

The last packet sent successfully to the server was 0 milliseconds ago. The driver has not received any packets from the server.
20:22:40.142 [main] ERROR com.tourism_org.com.tourismapp.config.DbConnection - 293474277 DB ERROR :  Connection failed - Communications link failure

The last packet sent successfully to the server was 0 milliseconds ago. The driver has not received any packets from the server.
20:22:40.190 [main] ERROR com.tourism_org.com.tourismapp.dao.AdminDao - SQL ERROR :  Could not insert data - Cannot invoke "java.sql.Connection.prepareStatement(String)" because "connection" is null
20:22:40.190 [main] ERROR com.tourism_org.com.tourismapp.dao.AdminDao - SQL ERROR :  Could not insert data - Cannot invoke "java.sql.Connection.prepareStatement(String)" because "connection" is null
20:22:42.469 [main] ERROR com.tourism_org.com.tourismapp.config.DbConnection - 789982400 DB ERROR :  Connection failed - Communications link failure

The last packet sent successfully to the server was 0 milliseconds ago. The driver has not received any packets from the server.
20:22:42.469 [main] ERROR com.tourism_org.com.tourismapp.config.DbConnection - 789982400 DB ERROR :  Connection failed - Communications link failure

The last packet sent successfully to the server was 0 milliseconds ago. The driver has not received any packets from the server.
20:22:42.471 [main] ERROR com.tourism_org.com.tourismapp.dao.AdminDao - Record Error : Incorrect Login Credentials - Cannot invoke "java.sql.Connection.prepareStatement(String)" because "connection" is null
20:22:42.471 [main] ERROR com.tourism_org.com.tourismapp.dao.AdminDao - Record Error : Incorrect Login Credentials - Cannot invoke "java.sql.Connection.prepareStatement(String)" because "connection" is null
20:22:45.753 [main] ERROR com.tourism_org.com.tourismapp.config.DbConnection - 975001918 DB ERROR :  Connection failed - Communications link failure

The last packet sent successfully to the server was 0 milliseconds ago. The driver has not received any packets from the server.
20:22:45.753 [main] ERROR com.tourism_org.com.tourismapp.config.DbConnection - 975001918 DB ERROR :  Connection failed - Communications link failure

The last packet sent successfully to the server was 0 milliseconds ago. The driver has not received any packets from the server.
20:22:45.759 [main] ERROR com.tourism_org.com.tourismapp.dao.AdminDao - Email Error : The email entered has not been registered. - Cannot invoke "java.sql.Connection.prepareStatement(String)" because "connection" is null
20:22:45.759 [main] ERROR com.tourism_org.com.tourismapp.dao.AdminDao - Email Error : The email entered has not been registered. - Cannot invoke "java.sql.Connection.prepareStatement(String)" because "connection" is null
20:22:49.232 [main] ERROR com.tourism_org.com.tourismapp.config.DbConnection - 363397863 DB ERROR :  Connection failed - Communications link failure

The last packet sent successfully to the server was 0 milliseconds ago. The driver has not received any packets from the server.
20:22:49.232 [main] ERROR com.tourism_org.com.tourismapp.config.DbConnection - 363397863 DB ERROR :  Connection failed - Communications link failure

The last packet sent successfully to the server was 0 milliseconds ago. The driver has not received any packets from the server.
20:22:49.234 [main] ERROR com.tourism_org.com.tourismapp.dao.AdminDao - DB ERROR :  Could not access data - Cannot invoke "java.sql.Connection.prepareStatement(String)" because "connection" is null
20:22:49.234 [main] ERROR com.tourism_org.com.tourismapp.dao.AdminDao - DB ERROR :  Could not access data - Cannot invoke "java.sql.Connection.prepareStatement(String)" because "connection" is null
20:22:53.428 [main] ERROR com.tourism_org.com.tourismapp.config.DbConnection - 2079961240 DB ERROR :  Connection failed - Communications link failure

The last packet sent successfully to the server was 0 milliseconds ago. The driver has not received any packets from the server.
20:22:53.428 [main] ERROR com.tourism_org.com.tourismapp.config.DbConnection - 2079961240 DB ERROR :  Connection failed - Communications link failure

The last packet sent successfully to the server was 0 milliseconds ago. The driver has not received any packets from the server.
20:24:10.449 [main] ERROR com.tourism_org.com.tourismapp.config.DbConnection - 293474277 DB ERROR :  Connection failed - Communications link failure

The last packet sent successfully to the server was 0 milliseconds ago. The driver has not received any packets from the server.
20:24:10.449 [main] ERROR com.tourism_org.com.tourismapp.config.DbConnection - 293474277 DB ERROR :  Connection failed - Communications link failure

The last packet sent successfully to the server was 0 milliseconds ago. The driver has not received any packets from the server.
20:24:10.476 [main] ERROR com.tourism_org.com.tourismapp.dao.AdminDao - SQL ERROR :  Could not insert data - Cannot invoke "java.sql.Connection.prepareStatement(String)" because "connection" is null
20:24:10.476 [main] ERROR com.tourism_org.com.tourismapp.dao.AdminDao - SQL ERROR :  Could not insert data - Cannot invoke "java.sql.Connection.prepareStatement(String)" because "connection" is null
20:24:12.897 [main] ERROR com.tourism_org.com.tourismapp.config.DbConnection - 789982400 DB ERROR :  Connection failed - Communications link failure

The last packet sent successfully to the server was 0 milliseconds ago. The driver has not received any packets from the server.
20:24:12.897 [main] ERROR com.tourism_org.com.tourismapp.config.DbConnection - 789982400 DB ERROR :  Connection failed - Communications link failure

The last packet sent successfully to the server was 0 milliseconds ago. The driver has not received any packets from the server.
20:24:12.903 [main] ERROR com.tourism_org.com.tourismapp.dao.AdminDao - Record Error : Incorrect Login Credentials - Cannot invoke "java.sql.Connection.prepareStatement(String)" because "connection" is null
20:24:12.903 [main] ERROR com.tourism_org.com.tourismapp.dao.AdminDao - Record Error : Incorrect Login Credentials - Cannot invoke "java.sql.Connection.prepareStatement(String)" because "connection" is null
20:24:15.868 [main] ERROR com.tourism_org.com.tourismapp.config.DbConnection - 975001918 DB ERROR :  Connection failed - Communications link failure

The last packet sent successfully to the server was 0 milliseconds ago. The driver has not received any packets from the server.
20:24:15.868 [main] ERROR com.tourism_org.com.tourismapp.config.DbConnection - 975001918 DB ERROR :  Connection failed - Communications link failure

The last packet sent successfully to the server was 0 milliseconds ago. The driver has not received any packets from the server.
20:24:15.875 [main] ERROR com.tourism_org.com.tourismapp.dao.AdminDao - Email Error : The email entered has not been registered. - Cannot invoke "java.sql.Connection.prepareStatement(String)" because "connection" is null
20:24:15.875 [main] ERROR com.tourism_org.com.tourismapp.dao.AdminDao - Email Error : The email entered has not been registered. - Cannot invoke "java.sql.Connection.prepareStatement(String)" because "connection" is null
20:24:19.246 [main] ERROR com.tourism_org.com.tourismapp.config.DbConnection - 363397863 DB ERROR :  Connection failed - Communications link failure

The last packet sent successfully to the server was 0 milliseconds ago. The driver has not received any packets from the server.
20:24:19.246 [main] ERROR com.tourism_org.com.tourismapp.config.DbConnection - 363397863 DB ERROR :  Connection failed - Communications link failure

The last packet sent successfully to the server was 0 milliseconds ago. The driver has not received any packets from the server.
20:24:19.248 [main] ERROR com.tourism_org.com.tourismapp.dao.AdminDao - DB ERROR :  Could not access data - Cannot invoke "java.sql.Connection.prepareStatement(String)" because "connection" is null
20:24:19.248 [main] ERROR com.tourism_org.com.tourismapp.dao.AdminDao - DB ERROR :  Could not access data - Cannot invoke "java.sql.Connection.prepareStatement(String)" because "connection" is null
20:24:23.954 [main] ERROR com.tourism_org.com.tourismapp.config.DbConnection - 2079961240 DB ERROR :  Connection failed - Communications link failure

The last packet sent successfully to the server was 0 milliseconds ago. The driver has not received any packets from the server.
20:24:23.954 [main] ERROR com.tourism_org.com.tourismapp.config.DbConnection - 2079961240 DB ERROR :  Connection failed - Communications link failure

The last packet sent successfully to the server was 0 milliseconds ago. The driver has not received any packets from the server.
